<?xml version="1.0" encoding="UTF-8"?>
<!-- Generated by org.testng.reporters.JUnitXMLReporter -->
<testsuite hostname="DESKTOP-3A703CJ" failures="1" tests="2" name="Error Validation Tests" time="29.029" errors="0" timestamp="1 Feb 2024 15:54:23 GMT">
  <testcase classname="vjacademy.tests.ErrorValidationTests" name="LoginErrorValidation" time="0.912">
    <failure type="java.lang.AssertionError" message="expected [Incorrect email or password.] but found [Incorrect emafil or password.]">
      <![CDATA[java.lang.AssertionError: expected [Incorrect email or password.] but found [Incorrect emafil or password.]
	at vjacademy.tests.ErrorValidationTests.LoginErrorValidation(ErrorValidationTests.java:25)
... Removed 28 stack frames]]>
    </failure>
  </testcase> <!-- LoginErrorValidation -->
  <testcase classname="vjacademy.tests.ErrorValidationTests" name="ProductErrorValidation" time="9.784"/>
</testsuite> <!-- Error Validation Tests -->
