<?xml version="1.0" encoding="UTF-8"?>
<!-- Generated by org.testng.reporters.JUnitXMLReporter -->
<testsuite hostname="DESKTOP-3A703CJ" failures="0" tests="3" name="Submit Order Test" time="27.943" errors="0" timestamp="1 Feb 2024 15:53:53 GMT">
  <testcase classname="vjacademy.tests.SubmitOrderTest" name="submitOrder" time="8.273"/>
  <testcase classname="vjacademy.tests.SubmitOrderTest" name="submitOrder" time="8.213"/>
  <testcase classname="vjacademy.tests.SubmitOrderTest" name="orderHistoryTest" time="0.0">
    <skipped/>
  </testcase> <!-- orderHistoryTest -->
</testsuite> <!-- Submit Order Test -->
